[31merror[39m: Unable to connect to the database: stack=SequelizeAccessDeniedError: ER_ACCESS_DENIED_ERROR: Access denied for user 'root'@'localhost' (using password: YES)
    at Handshake._callback (C:\Users\Administrator\Desktop\Serverside\node_modules\sequelize\lib\dialects\mysql\connection-manager.js:82:20)
    at Handshake.Sequence.end (C:\Users\Administrator\Desktop\Serverside\node_modules\mysql\lib\protocol\sequences\Sequence.js:85:24)
    at Handshake.ErrorPacket (C:\Users\Administrator\Desktop\Serverside\node_modules\mysql\lib\protocol\sequences\Handshake.js:105:8)
    at Protocol._parsePacket (C:\Users\Administrator\Desktop\Serverside\node_modules\mysql\lib\protocol\Protocol.js:280:23)
    at Parser.write (C:\Users\Administrator\Desktop\Serverside\node_modules\mysql\lib\protocol\Parser.js:74:12)
    at Protocol.write (C:\Users\Administrator\Desktop\Serverside\node_modules\mysql\lib\protocol\Protocol.js:39:16)
    at Socket.<anonymous> (C:\Users\Administrator\Desktop\Serverside\node_modules\mysql\lib\Connection.js:109:28)
    at emitOne (events.js:96:13)
    at Socket.emit (events.js:188:7)
    at readableAddChunk (_stream_readable.js:176:18)
    at TCP.onread (net.js:548:20), localStack=at ConnectionManager.<anonymous> (C:\Users\Administrator\Desktop\Serverside\bin\www:18:14)->at ConnectionManager.tryCatcher (C:\Users\Administrator\Desktop\Serverside\node_modules\sequelize\node_modules\bluebird\js\release\util.js:16:23)->at Promise._settlePromiseFromHandler (C:\Users\Administrator\Desktop\Serverside\node_modules\sequelize\node_modules\bluebird\js\release\promise.js:510:31)->at Promise._settlePromise (C:\Users\Administrator\Desktop\Serverside\node_modules\sequelize\node_modules\bluebird\js\release\promise.js:567:18)->at Promise._settlePromise0 (C:\Users\Administrator\Desktop\Serverside\node_modules\sequelize\node_modules\bluebird\js\release\promise.js:612:10)->at Promise._settlePromises (C:\Users\Administrator\Desktop\Serverside\node_modules\sequelize\node_modules\bluebird\js\release\promise.js:687:18)->at Async._drainQueue (C:\Users\Administrator\Desktop\Serverside\node_modules\sequelize\node_modules\bluebird\js\release\async.js:138:16)->at Async._drainQueues (C:\Users\Administrator\Desktop\Serverside\node_modules\sequelize\node_modules\bluebird\js\release\async.js:148:10)->at Immediate.Async.drainQueues (C:\Users\Administrator\Desktop\Serverside\node_modules\sequelize\node_modules\bluebird\js\release\async.js:17:14)->at tryOnImmediate (timers.js:610:5)->at processImmediate [as _immediateCallback] (timers.js:582:5), data=ER_ACCESS_DENIED_ERROR: Access denied for user 'root'@'localhost' (using password: YES)
[31merror[39m: Unable to connect to the database: stack=SequelizeAccessDeniedError: ER_ACCESS_DENIED_ERROR: Access denied for user 'root'@'localhost' (using password: YES)
    at Handshake._callback (C:\Users\Administrator\Desktop\Serverside\node_modules\sequelize\lib\dialects\mysql\connection-manager.js:82:20)
    at Handshake.Sequence.end (C:\Users\Administrator\Desktop\Serverside\node_modules\mysql\lib\protocol\sequences\Sequence.js:85:24)
    at Handshake.ErrorPacket (C:\Users\Administrator\Desktop\Serverside\node_modules\mysql\lib\protocol\sequences\Handshake.js:105:8)
    at Protocol._parsePacket (C:\Users\Administrator\Desktop\Serverside\node_modules\mysql\lib\protocol\Protocol.js:280:23)
    at Parser.write (C:\Users\Administrator\Desktop\Serverside\node_modules\mysql\lib\protocol\Parser.js:74:12)
    at Protocol.write (C:\Users\Administrator\Desktop\Serverside\node_modules\mysql\lib\protocol\Protocol.js:39:16)
    at Socket.<anonymous> (C:\Users\Administrator\Desktop\Serverside\node_modules\mysql\lib\Connection.js:109:28)
    at emitOne (events.js:96:13)
    at Socket.emit (events.js:188:7)
    at readableAddChunk (_stream_readable.js:176:18)
    at TCP.onread (net.js:548:20), localStack=at ConnectionManager.<anonymous> (C:\Users\Administrator\Desktop\Serverside\bin\www:18:14)->at ConnectionManager.tryCatcher (C:\Users\Administrator\Desktop\Serverside\node_modules\sequelize\node_modules\bluebird\js\release\util.js:16:23)->at Promise._settlePromiseFromHandler (C:\Users\Administrator\Desktop\Serverside\node_modules\sequelize\node_modules\bluebird\js\release\promise.js:510:31)->at Promise._settlePromise (C:\Users\Administrator\Desktop\Serverside\node_modules\sequelize\node_modules\bluebird\js\release\promise.js:567:18)->at Promise._settlePromise0 (C:\Users\Administrator\Desktop\Serverside\node_modules\sequelize\node_modules\bluebird\js\release\promise.js:612:10)->at Promise._settlePromises (C:\Users\Administrator\Desktop\Serverside\node_modules\sequelize\node_modules\bluebird\js\release\promise.js:687:18)->at Async._drainQueue (C:\Users\Administrator\Desktop\Serverside\node_modules\sequelize\node_modules\bluebird\js\release\async.js:138:16)->at Async._drainQueues (C:\Users\Administrator\Desktop\Serverside\node_modules\sequelize\node_modules\bluebird\js\release\async.js:148:10)->at Immediate.Async.drainQueues (C:\Users\Administrator\Desktop\Serverside\node_modules\sequelize\node_modules\bluebird\js\release\async.js:17:14)->at tryOnImmediate (timers.js:610:5)->at processImmediate [as _immediateCallback] (timers.js:582:5), data=ER_ACCESS_DENIED_ERROR: Access denied for user 'root'@'localhost' (using password: YES)
[31merror[39m: Unable to connect to the database: stack=SequelizeAccessDeniedError: ER_ACCESS_DENIED_ERROR: Access denied for user 'root'@'localhost' (using password: YES)
    at Handshake._callback (C:\Users\Administrator\Desktop\Serverside\node_modules\sequelize\lib\dialects\mysql\connection-manager.js:82:20)
    at Handshake.Sequence.end (C:\Users\Administrator\Desktop\Serverside\node_modules\mysql\lib\protocol\sequences\Sequence.js:85:24)
    at Handshake.ErrorPacket (C:\Users\Administrator\Desktop\Serverside\node_modules\mysql\lib\protocol\sequences\Handshake.js:105:8)
    at Protocol._parsePacket (C:\Users\Administrator\Desktop\Serverside\node_modules\mysql\lib\protocol\Protocol.js:280:23)
    at Parser.write (C:\Users\Administrator\Desktop\Serverside\node_modules\mysql\lib\protocol\Parser.js:74:12)
    at Protocol.write (C:\Users\Administrator\Desktop\Serverside\node_modules\mysql\lib\protocol\Protocol.js:39:16)
    at Socket.<anonymous> (C:\Users\Administrator\Desktop\Serverside\node_modules\mysql\lib\Connection.js:109:28)
    at emitOne (events.js:96:13)
    at Socket.emit (events.js:188:7)
    at readableAddChunk (_stream_readable.js:176:18)
    at TCP.onread (net.js:548:20), localStack=at ConnectionManager.<anonymous> (C:\Users\Administrator\Desktop\Serverside\bin\www:18:14)->at ConnectionManager.tryCatcher (C:\Users\Administrator\Desktop\Serverside\node_modules\sequelize\node_modules\bluebird\js\release\util.js:16:23)->at Promise._settlePromiseFromHandler (C:\Users\Administrator\Desktop\Serverside\node_modules\sequelize\node_modules\bluebird\js\release\promise.js:510:31)->at Promise._settlePromise (C:\Users\Administrator\Desktop\Serverside\node_modules\sequelize\node_modules\bluebird\js\release\promise.js:567:18)->at Promise._settlePromise0 (C:\Users\Administrator\Desktop\Serverside\node_modules\sequelize\node_modules\bluebird\js\release\promise.js:612:10)->at Promise._settlePromises (C:\Users\Administrator\Desktop\Serverside\node_modules\sequelize\node_modules\bluebird\js\release\promise.js:687:18)->at Async._drainQueue (C:\Users\Administrator\Desktop\Serverside\node_modules\sequelize\node_modules\bluebird\js\release\async.js:138:16)->at Async._drainQueues (C:\Users\Administrator\Desktop\Serverside\node_modules\sequelize\node_modules\bluebird\js\release\async.js:148:10)->at Immediate.Async.drainQueues (C:\Users\Administrator\Desktop\Serverside\node_modules\sequelize\node_modules\bluebird\js\release\async.js:17:14)->at tryOnImmediate (timers.js:610:5)->at processImmediate [as _immediateCallback] (timers.js:582:5), data=ER_ACCESS_DENIED_ERROR: Access denied for user 'root'@'localhost' (using password: YES)
[31merror[39m: Unable to connect to the database: stack=SequelizeAccessDeniedError: ER_ACCESS_DENIED_ERROR: Access denied for user 'Cyber123'@'localhost' (using password: YES)
    at Handshake._callback (C:\Users\Administrator\Desktop\Serverside\node_modules\sequelize\lib\dialects\mysql\connection-manager.js:82:20)
    at Handshake.Sequence.end (C:\Users\Administrator\Desktop\Serverside\node_modules\mysql\lib\protocol\sequences\Sequence.js:85:24)
    at Handshake.ErrorPacket (C:\Users\Administrator\Desktop\Serverside\node_modules\mysql\lib\protocol\sequences\Handshake.js:105:8)
    at Protocol._parsePacket (C:\Users\Administrator\Desktop\Serverside\node_modules\mysql\lib\protocol\Protocol.js:280:23)
    at Parser.write (C:\Users\Administrator\Desktop\Serverside\node_modules\mysql\lib\protocol\Parser.js:74:12)
    at Protocol.write (C:\Users\Administrator\Desktop\Serverside\node_modules\mysql\lib\protocol\Protocol.js:39:16)
    at Socket.<anonymous> (C:\Users\Administrator\Desktop\Serverside\node_modules\mysql\lib\Connection.js:109:28)
    at emitOne (events.js:96:13)
    at Socket.emit (events.js:188:7)
    at readableAddChunk (_stream_readable.js:176:18)
    at TCP.onread (net.js:548:20), localStack=at ConnectionManager.<anonymous> (C:\Users\Administrator\Desktop\Serverside\bin\www:18:14)->at ConnectionManager.tryCatcher (C:\Users\Administrator\Desktop\Serverside\node_modules\sequelize\node_modules\bluebird\js\release\util.js:16:23)->at Promise._settlePromiseFromHandler (C:\Users\Administrator\Desktop\Serverside\node_modules\sequelize\node_modules\bluebird\js\release\promise.js:510:31)->at Promise._settlePromise (C:\Users\Administrator\Desktop\Serverside\node_modules\sequelize\node_modules\bluebird\js\release\promise.js:567:18)->at Promise._settlePromise0 (C:\Users\Administrator\Desktop\Serverside\node_modules\sequelize\node_modules\bluebird\js\release\promise.js:612:10)->at Promise._settlePromises (C:\Users\Administrator\Desktop\Serverside\node_modules\sequelize\node_modules\bluebird\js\release\promise.js:687:18)->at Async._drainQueue (C:\Users\Administrator\Desktop\Serverside\node_modules\sequelize\node_modules\bluebird\js\release\async.js:138:16)->at Async._drainQueues (C:\Users\Administrator\Desktop\Serverside\node_modules\sequelize\node_modules\bluebird\js\release\async.js:148:10)->at Immediate.Async.drainQueues (C:\Users\Administrator\Desktop\Serverside\node_modules\sequelize\node_modules\bluebird\js\release\async.js:17:14)->at tryOnImmediate (timers.js:610:5)->at processImmediate [as _immediateCallback] (timers.js:582:5), data=ER_ACCESS_DENIED_ERROR: Access denied for user 'Cyber123'@'localhost' (using password: YES)
[31merror[39m: Unable to connect to the database: stack=SequelizeAccessDeniedError: ER_ACCESS_DENIED_ERROR: Access denied for user 'Cyber123'@'localhost' (using password: YES)
    at Handshake._callback (C:\Users\Administrator\Desktop\Serverside\node_modules\sequelize\lib\dialects\mysql\connection-manager.js:82:20)
    at Handshake.Sequence.end (C:\Users\Administrator\Desktop\Serverside\node_modules\mysql\lib\protocol\sequences\Sequence.js:85:24)
    at Handshake.ErrorPacket (C:\Users\Administrator\Desktop\Serverside\node_modules\mysql\lib\protocol\sequences\Handshake.js:105:8)
    at Protocol._parsePacket (C:\Users\Administrator\Desktop\Serverside\node_modules\mysql\lib\protocol\Protocol.js:280:23)
    at Parser.write (C:\Users\Administrator\Desktop\Serverside\node_modules\mysql\lib\protocol\Parser.js:74:12)
    at Protocol.write (C:\Users\Administrator\Desktop\Serverside\node_modules\mysql\lib\protocol\Protocol.js:39:16)
    at Socket.<anonymous> (C:\Users\Administrator\Desktop\Serverside\node_modules\mysql\lib\Connection.js:109:28)
    at emitOne (events.js:96:13)
    at Socket.emit (events.js:188:7)
    at readableAddChunk (_stream_readable.js:176:18)
    at TCP.onread (net.js:548:20), localStack=at ConnectionManager.<anonymous> (C:\Users\Administrator\Desktop\Serverside\bin\www:18:14)->at ConnectionManager.tryCatcher (C:\Users\Administrator\Desktop\Serverside\node_modules\sequelize\node_modules\bluebird\js\release\util.js:16:23)->at Promise._settlePromiseFromHandler (C:\Users\Administrator\Desktop\Serverside\node_modules\sequelize\node_modules\bluebird\js\release\promise.js:510:31)->at Promise._settlePromise (C:\Users\Administrator\Desktop\Serverside\node_modules\sequelize\node_modules\bluebird\js\release\promise.js:567:18)->at Promise._settlePromise0 (C:\Users\Administrator\Desktop\Serverside\node_modules\sequelize\node_modules\bluebird\js\release\promise.js:612:10)->at Promise._settlePromises (C:\Users\Administrator\Desktop\Serverside\node_modules\sequelize\node_modules\bluebird\js\release\promise.js:687:18)->at Async._drainQueue (C:\Users\Administrator\Desktop\Serverside\node_modules\sequelize\node_modules\bluebird\js\release\async.js:138:16)->at Async._drainQueues (C:\Users\Administrator\Desktop\Serverside\node_modules\sequelize\node_modules\bluebird\js\release\async.js:148:10)->at Immediate.Async.drainQueues (C:\Users\Administrator\Desktop\Serverside\node_modules\sequelize\node_modules\bluebird\js\release\async.js:17:14)->at tryOnImmediate (timers.js:610:5)->at processImmediate [as _immediateCallback] (timers.js:582:5), data=ER_ACCESS_DENIED_ERROR: Access denied for user 'Cyber123'@'localhost' (using password: YES)
[31merror[39m: Unable to connect to the database: stack=SequelizeAccessDeniedError: ER_ACCESS_DENIED_ERROR: Access denied for user 'Cyber123'@'localhost' (using password: YES)
    at Handshake._callback (C:\Users\Administrator\Desktop\Serverside\node_modules\sequelize\lib\dialects\mysql\connection-manager.js:82:20)
    at Handshake.Sequence.end (C:\Users\Administrator\Desktop\Serverside\node_modules\mysql\lib\protocol\sequences\Sequence.js:85:24)
    at Handshake.ErrorPacket (C:\Users\Administrator\Desktop\Serverside\node_modules\mysql\lib\protocol\sequences\Handshake.js:105:8)
    at Protocol._parsePacket (C:\Users\Administrator\Desktop\Serverside\node_modules\mysql\lib\protocol\Protocol.js:280:23)
    at Parser.write (C:\Users\Administrator\Desktop\Serverside\node_modules\mysql\lib\protocol\Parser.js:74:12)
    at Protocol.write (C:\Users\Administrator\Desktop\Serverside\node_modules\mysql\lib\protocol\Protocol.js:39:16)
    at Socket.<anonymous> (C:\Users\Administrator\Desktop\Serverside\node_modules\mysql\lib\Connection.js:109:28)
    at emitOne (events.js:96:13)
    at Socket.emit (events.js:188:7)
    at readableAddChunk (_stream_readable.js:176:18)
    at TCP.onread (net.js:548:20), localStack=at ConnectionManager.<anonymous> (C:\Users\Administrator\Desktop\Serverside\bin\www:18:14)->at ConnectionManager.tryCatcher (C:\Users\Administrator\Desktop\Serverside\node_modules\sequelize\node_modules\bluebird\js\release\util.js:16:23)->at Promise._settlePromiseFromHandler (C:\Users\Administrator\Desktop\Serverside\node_modules\sequelize\node_modules\bluebird\js\release\promise.js:510:31)->at Promise._settlePromise (C:\Users\Administrator\Desktop\Serverside\node_modules\sequelize\node_modules\bluebird\js\release\promise.js:567:18)->at Promise._settlePromise0 (C:\Users\Administrator\Desktop\Serverside\node_modules\sequelize\node_modules\bluebird\js\release\promise.js:612:10)->at Promise._settlePromises (C:\Users\Administrator\Desktop\Serverside\node_modules\sequelize\node_modules\bluebird\js\release\promise.js:687:18)->at Async._drainQueue (C:\Users\Administrator\Desktop\Serverside\node_modules\sequelize\node_modules\bluebird\js\release\async.js:138:16)->at Async._drainQueues (C:\Users\Administrator\Desktop\Serverside\node_modules\sequelize\node_modules\bluebird\js\release\async.js:148:10)->at Immediate.Async.drainQueues (C:\Users\Administrator\Desktop\Serverside\node_modules\sequelize\node_modules\bluebird\js\release\async.js:17:14)->at tryOnImmediate (timers.js:610:5)->at processImmediate [as _immediateCallback] (timers.js:582:5), data=ER_ACCESS_DENIED_ERROR: Access denied for user 'Cyber123'@'localhost' (using password: YES)
[31merror[39m: We got error in add candidate s stack=SequelizeDatabaseError: ER_DATA_TOO_LONG: Data too long for column 'first_name' at row 1
    at Query.formatError (C:\Users\Administrator\Desktop\Serverside\node_modules\sequelize\lib\dialects\mysql\query.js:175:14)
    at Query._callback (C:\Users\Administrator\Desktop\Serverside\node_modules\sequelize\lib\dialects\mysql\query.js:49:21)
    at Query.Sequence.end (C:\Users\Administrator\Desktop\Serverside\node_modules\mysql\lib\protocol\sequences\Sequence.js:85:24)
    at Query.ErrorPacket (C:\Users\Administrator\Desktop\Serverside\node_modules\mysql\lib\protocol\sequences\Query.js:94:8)
    at Protocol._parsePacket (C:\Users\Administrator\Desktop\Serverside\node_modules\mysql\lib\protocol\Protocol.js:280:23)
    at Parser.write (C:\Users\Administrator\Desktop\Serverside\node_modules\mysql\lib\protocol\Parser.js:74:12)
    at Protocol.write (C:\Users\Administrator\Desktop\Serverside\node_modules\mysql\lib\protocol\Protocol.js:39:16)
    at Socket.<anonymous> (C:\Users\Administrator\Desktop\Serverside\node_modules\mysql\lib\Connection.js:109:28)
    at emitOne (events.js:96:13)
    at Socket.emit (events.js:188:7)
    at readableAddChunk (_stream_readable.js:176:18)
    at TCP.onread (net.js:548:20), localStack=at .<anonymous> (C:\Users\Administrator\Desktop\Serverside\routes\candidates.js:41:32)->at tryCatcher (C:\Users\Administrator\Desktop\Serverside\node_modules\sequelize\node_modules\bluebird\js\release\util.js:16:23)->at Promise._settlePromiseFromHandler (C:\Users\Administrator\Desktop\Serverside\node_modules\sequelize\node_modules\bluebird\js\release\promise.js:510:31)->at Promise._settlePromise (C:\Users\Administrator\Desktop\Serverside\node_modules\sequelize\node_modules\bluebird\js\release\promise.js:567:18)->at Promise._settlePromise0 (C:\Users\Administrator\Desktop\Serverside\node_modules\sequelize\node_modules\bluebird\js\release\promise.js:612:10)->at Promise._settlePromises (C:\Users\Administrator\Desktop\Serverside\node_modules\sequelize\node_modules\bluebird\js\release\promise.js:687:18)->at Async._drainQueue (C:\Users\Administrator\Desktop\Serverside\node_modules\sequelize\node_modules\bluebird\js\release\async.js:138:16)->at Async._drainQueues (C:\Users\Administrator\Desktop\Serverside\node_modules\sequelize\node_modules\bluebird\js\release\async.js:148:10)->at Immediate.Async.drainQueues (C:\Users\Administrator\Desktop\Serverside\node_modules\sequelize\node_modules\bluebird\js\release\async.js:17:14)->at tryOnImmediate (timers.js:610:5)->at processImmediate [as _immediateCallback] (timers.js:582:5), data=ER_DATA_TOO_LONG: Data too long for column 'first_name' at row 1
Unhandled rejection ReferenceError: callback is not defined
    at .<anonymous> (C:\Users\Administrator\Desktop\Serverside\routes\candidates.js:43:25)
    at tryCatcher (C:\Users\Administrator\Desktop\Serverside\node_modules\sequelize\node_modules\bluebird\js\release\util.js:16:23)
    at Promise._settlePromiseFromHandler (C:\Users\Administrator\Desktop\Serverside\node_modules\sequelize\node_modules\bluebird\js\release\promise.js:510:31)
    at Promise._settlePromise (C:\Users\Administrator\Desktop\Serverside\node_modules\sequelize\node_modules\bluebird\js\release\promise.js:567:18)
    at Promise._settlePromise0 (C:\Users\Administrator\Desktop\Serverside\node_modules\sequelize\node_modules\bluebird\js\release\promise.js:612:10)
    at Promise._settlePromises (C:\Users\Administrator\Desktop\Serverside\node_modules\sequelize\node_modules\bluebird\js\release\promise.js:687:18)
    at Async._drainQueue (C:\Users\Administrator\Desktop\Serverside\node_modules\sequelize\node_modules\bluebird\js\release\async.js:138:16)
    at Async._drainQueues (C:\Users\Administrator\Desktop\Serverside\node_modules\sequelize\node_modules\bluebird\js\release\async.js:148:10)
    at Immediate.Async.drainQueues (C:\Users\Administrator\Desktop\Serverside\node_modules\sequelize\node_modules\bluebird\js\release\async.js:17:14)
    at tryOnImmediate (timers.js:610:5)
    at processImmediate [as _immediateCallback] (timers.js:582:5)
[31merror[39m: We got error in add candidate s stack=SequelizeDatabaseError: ER_DATA_TOO_LONG: Data too long for column 'first_name' at row 1
    at Query.formatError (C:\Users\Administrator\Desktop\Serverside\node_modules\sequelize\lib\dialects\mysql\query.js:175:14)
    at Query._callback (C:\Users\Administrator\Desktop\Serverside\node_modules\sequelize\lib\dialects\mysql\query.js:49:21)
    at Query.Sequence.end (C:\Users\Administrator\Desktop\Serverside\node_modules\mysql\lib\protocol\sequences\Sequence.js:85:24)
    at Query.ErrorPacket (C:\Users\Administrator\Desktop\Serverside\node_modules\mysql\lib\protocol\sequences\Query.js:94:8)
    at Protocol._parsePacket (C:\Users\Administrator\Desktop\Serverside\node_modules\mysql\lib\protocol\Protocol.js:280:23)
    at Parser.write (C:\Users\Administrator\Desktop\Serverside\node_modules\mysql\lib\protocol\Parser.js:74:12)
    at Protocol.write (C:\Users\Administrator\Desktop\Serverside\node_modules\mysql\lib\protocol\Protocol.js:39:16)
    at Socket.<anonymous> (C:\Users\Administrator\Desktop\Serverside\node_modules\mysql\lib\Connection.js:109:28)
    at emitOne (events.js:96:13)
    at Socket.emit (events.js:188:7)
    at readableAddChunk (_stream_readable.js:176:18)
    at TCP.onread (net.js:548:20), localStack=at .<anonymous> (C:\Users\Administrator\Desktop\Serverside\routes\candidates.js:41:32)->at tryCatcher (C:\Users\Administrator\Desktop\Serverside\node_modules\sequelize\node_modules\bluebird\js\release\util.js:16:23)->at Promise._settlePromiseFromHandler (C:\Users\Administrator\Desktop\Serverside\node_modules\sequelize\node_modules\bluebird\js\release\promise.js:510:31)->at Promise._settlePromise (C:\Users\Administrator\Desktop\Serverside\node_modules\sequelize\node_modules\bluebird\js\release\promise.js:567:18)->at Promise._settlePromise0 (C:\Users\Administrator\Desktop\Serverside\node_modules\sequelize\node_modules\bluebird\js\release\promise.js:612:10)->at Promise._settlePromises (C:\Users\Administrator\Desktop\Serverside\node_modules\sequelize\node_modules\bluebird\js\release\promise.js:687:18)->at Async._drainQueue (C:\Users\Administrator\Desktop\Serverside\node_modules\sequelize\node_modules\bluebird\js\release\async.js:138:16)->at Async._drainQueues (C:\Users\Administrator\Desktop\Serverside\node_modules\sequelize\node_modules\bluebird\js\release\async.js:148:10)->at Immediate.Async.drainQueues (C:\Users\Administrator\Desktop\Serverside\node_modules\sequelize\node_modules\bluebird\js\release\async.js:17:14)->at tryOnImmediate (timers.js:610:5)->at processImmediate [as _immediateCallback] (timers.js:582:5), data=ER_DATA_TOO_LONG: Data too long for column 'first_name' at row 1
Unhandled rejection ReferenceError: callback is not defined
    at .<anonymous> (C:\Users\Administrator\Desktop\Serverside\routes\candidates.js:43:25)
    at tryCatcher (C:\Users\Administrator\Desktop\Serverside\node_modules\sequelize\node_modules\bluebird\js\release\util.js:16:23)
    at Promise._settlePromiseFromHandler (C:\Users\Administrator\Desktop\Serverside\node_modules\sequelize\node_modules\bluebird\js\release\promise.js:510:31)
    at Promise._settlePromise (C:\Users\Administrator\Desktop\Serverside\node_modules\sequelize\node_modules\bluebird\js\release\promise.js:567:18)
    at Promise._settlePromise0 (C:\Users\Administrator\Desktop\Serverside\node_modules\sequelize\node_modules\bluebird\js\release\promise.js:612:10)
    at Promise._settlePromises (C:\Users\Administrator\Desktop\Serverside\node_modules\sequelize\node_modules\bluebird\js\release\promise.js:687:18)
    at Async._drainQueue (C:\Users\Administrator\Desktop\Serverside\node_modules\sequelize\node_modules\bluebird\js\release\async.js:138:16)
    at Async._drainQueues (C:\Users\Administrator\Desktop\Serverside\node_modules\sequelize\node_modules\bluebird\js\release\async.js:148:10)
    at Immediate.Async.drainQueues (C:\Users\Administrator\Desktop\Serverside\node_modules\sequelize\node_modules\bluebird\js\release\async.js:17:14)
    at tryOnImmediate (timers.js:610:5)
    at processImmediate [as _immediateCallback] (timers.js:582:5)
[31merror[39m: We got error in add candidate s stack=SequelizeDatabaseError: ER_DATA_TOO_LONG: Data too long for column 'first_name' at row 1
    at Query.formatError (C:\Users\Administrator\Desktop\Serverside\node_modules\sequelize\lib\dialects\mysql\query.js:175:14)
    at Query._callback (C:\Users\Administrator\Desktop\Serverside\node_modules\sequelize\lib\dialects\mysql\query.js:49:21)
    at Query.Sequence.end (C:\Users\Administrator\Desktop\Serverside\node_modules\mysql\lib\protocol\sequences\Sequence.js:85:24)
    at Query.ErrorPacket (C:\Users\Administrator\Desktop\Serverside\node_modules\mysql\lib\protocol\sequences\Query.js:94:8)
    at Protocol._parsePacket (C:\Users\Administrator\Desktop\Serverside\node_modules\mysql\lib\protocol\Protocol.js:280:23)
    at Parser.write (C:\Users\Administrator\Desktop\Serverside\node_modules\mysql\lib\protocol\Parser.js:74:12)
    at Protocol.write (C:\Users\Administrator\Desktop\Serverside\node_modules\mysql\lib\protocol\Protocol.js:39:16)
    at Socket.<anonymous> (C:\Users\Administrator\Desktop\Serverside\node_modules\mysql\lib\Connection.js:109:28)
    at emitOne (events.js:96:13)
    at Socket.emit (events.js:188:7)
    at readableAddChunk (_stream_readable.js:176:18)
    at TCP.onread (net.js:548:20), localStack=at .<anonymous> (C:\Users\Administrator\Desktop\Serverside\routes\candidates.js:41:32)->at tryCatcher (C:\Users\Administrator\Desktop\Serverside\node_modules\sequelize\node_modules\bluebird\js\release\util.js:16:23)->at Promise._settlePromiseFromHandler (C:\Users\Administrator\Desktop\Serverside\node_modules\sequelize\node_modules\bluebird\js\release\promise.js:510:31)->at Promise._settlePromise (C:\Users\Administrator\Desktop\Serverside\node_modules\sequelize\node_modules\bluebird\js\release\promise.js:567:18)->at Promise._settlePromise0 (C:\Users\Administrator\Desktop\Serverside\node_modules\sequelize\node_modules\bluebird\js\release\promise.js:612:10)->at Promise._settlePromises (C:\Users\Administrator\Desktop\Serverside\node_modules\sequelize\node_modules\bluebird\js\release\promise.js:687:18)->at Async._drainQueue (C:\Users\Administrator\Desktop\Serverside\node_modules\sequelize\node_modules\bluebird\js\release\async.js:138:16)->at Async._drainQueues (C:\Users\Administrator\Desktop\Serverside\node_modules\sequelize\node_modules\bluebird\js\release\async.js:148:10)->at Immediate.Async.drainQueues (C:\Users\Administrator\Desktop\Serverside\node_modules\sequelize\node_modules\bluebird\js\release\async.js:17:14)->at tryOnImmediate (timers.js:610:5)->at processImmediate [as _immediateCallback] (timers.js:582:5), data=ER_DATA_TOO_LONG: Data too long for column 'first_name' at row 1
Unhandled rejection ReferenceError: callback is not defined
    at .<anonymous> (C:\Users\Administrator\Desktop\Serverside\routes\candidates.js:43:25)
    at tryCatcher (C:\Users\Administrator\Desktop\Serverside\node_modules\sequelize\node_modules\bluebird\js\release\util.js:16:23)
    at Promise._settlePromiseFromHandler (C:\Users\Administrator\Desktop\Serverside\node_modules\sequelize\node_modules\bluebird\js\release\promise.js:510:31)
    at Promise._settlePromise (C:\Users\Administrator\Desktop\Serverside\node_modules\sequelize\node_modules\bluebird\js\release\promise.js:567:18)
    at Promise._settlePromise0 (C:\Users\Administrator\Desktop\Serverside\node_modules\sequelize\node_modules\bluebird\js\release\promise.js:612:10)
    at Promise._settlePromises (C:\Users\Administrator\Desktop\Serverside\node_modules\sequelize\node_modules\bluebird\js\release\promise.js:687:18)
    at Async._drainQueue (C:\Users\Administrator\Desktop\Serverside\node_modules\sequelize\node_modules\bluebird\js\release\async.js:138:16)
    at Async._drainQueues (C:\Users\Administrator\Desktop\Serverside\node_modules\sequelize\node_modules\bluebird\js\release\async.js:148:10)
    at Immediate.Async.drainQueues (C:\Users\Administrator\Desktop\Serverside\node_modules\sequelize\node_modules\bluebird\js\release\async.js:17:14)
    at tryOnImmediate (timers.js:610:5)
    at processImmediate [as _immediateCallback] (timers.js:582:5)
[31merror[39m: We got error in add candidate s stack=SequelizeValidationError: notNull Violation: first_name cannot be null
    at C:\Users\Administrator\Desktop\Serverside\node_modules\sequelize\lib\instance-validator.js:74:14
    at tryCatcher (C:\Users\Administrator\Desktop\Serverside\node_modules\sequelize\node_modules\bluebird\js\release\util.js:16:23)
    at Promise._settlePromiseFromHandler (C:\Users\Administrator\Desktop\Serverside\node_modules\sequelize\node_modules\bluebird\js\release\promise.js:510:31)
    at Promise._settlePromise (C:\Users\Administrator\Desktop\Serverside\node_modules\sequelize\node_modules\bluebird\js\release\promise.js:567:18)
    at Promise._settlePromise0 (C:\Users\Administrator\Desktop\Serverside\node_modules\sequelize\node_modules\bluebird\js\release\promise.js:612:10)
    at Promise._settlePromises (C:\Users\Administrator\Desktop\Serverside\node_modules\sequelize\node_modules\bluebird\js\release\promise.js:691:18)
    at Promise._fulfill (C:\Users\Administrator\Desktop\Serverside\node_modules\sequelize\node_modules\bluebird\js\release\promise.js:636:18)
    at PromiseArray._resolve (C:\Users\Administrator\Desktop\Serverside\node_modules\sequelize\node_modules\bluebird\js\release\promise_array.js:125:19)
    at PromiseArray._promiseFulfilled (C:\Users\Administrator\Desktop\Serverside\node_modules\sequelize\node_modules\bluebird\js\release\promise_array.js:143:14)
    at Promise._settlePromise (C:\Users\Administrator\Desktop\Serverside\node_modules\sequelize\node_modules\bluebird\js\release\promise.js:572:26)
    at Promise._settlePromise0 (C:\Users\Administrator\Desktop\Serverside\node_modules\sequelize\node_modules\bluebird\js\release\promise.js:612:10)
    at Promise._settlePromises (C:\Users\Administrator\Desktop\Serverside\node_modules\sequelize\node_modules\bluebird\js\release\promise.js:691:18)
    at Async._drainQueue (C:\Users\Administrator\Desktop\Serverside\node_modules\sequelize\node_modules\bluebird\js\release\async.js:138:16)
    at Async._drainQueues (C:\Users\Administrator\Desktop\Serverside\node_modules\sequelize\node_modules\bluebird\js\release\async.js:148:10)
    at Immediate.Async.drainQueues (C:\Users\Administrator\Desktop\Serverside\node_modules\sequelize\node_modules\bluebird\js\release\async.js:17:14)
    at tryOnImmediate (timers.js:610:5), localStack=at .<anonymous> (C:\Users\Administrator\Desktop\Serverside\routes\candidates.js:41:32)->at tryCatcher (C:\Users\Administrator\Desktop\Serverside\node_modules\sequelize\node_modules\bluebird\js\release\util.js:16:23)->at Promise._settlePromiseFromHandler (C:\Users\Administrator\Desktop\Serverside\node_modules\sequelize\node_modules\bluebird\js\release\promise.js:510:31)->at Promise._settlePromise (C:\Users\Administrator\Desktop\Serverside\node_modules\sequelize\node_modules\bluebird\js\release\promise.js:567:18)->at Promise._settlePromise0 (C:\Users\Administrator\Desktop\Serverside\node_modules\sequelize\node_modules\bluebird\js\release\promise.js:612:10)->at Promise._settlePromises (C:\Users\Administrator\Desktop\Serverside\node_modules\sequelize\node_modules\bluebird\js\release\promise.js:687:18)->at Async._drainQueue (C:\Users\Administrator\Desktop\Serverside\node_modules\sequelize\node_modules\bluebird\js\release\async.js:138:16)->at Async._drainQueues (C:\Users\Administrator\Desktop\Serverside\node_modules\sequelize\node_modules\bluebird\js\release\async.js:148:10)->at Immediate.Async.drainQueues (C:\Users\Administrator\Desktop\Serverside\node_modules\sequelize\node_modules\bluebird\js\release\async.js:17:14)->at tryOnImmediate (timers.js:610:5)->at processImmediate [as _immediateCallback] (timers.js:582:5), data=notNull Violation: first_name cannot be null
Unhandled rejection ReferenceError: callback is not defined
    at .<anonymous> (C:\Users\Administrator\Desktop\Serverside\routes\candidates.js:43:25)
    at tryCatcher (C:\Users\Administrator\Desktop\Serverside\node_modules\sequelize\node_modules\bluebird\js\release\util.js:16:23)
    at Promise._settlePromiseFromHandler (C:\Users\Administrator\Desktop\Serverside\node_modules\sequelize\node_modules\bluebird\js\release\promise.js:510:31)
    at Promise._settlePromise (C:\Users\Administrator\Desktop\Serverside\node_modules\sequelize\node_modules\bluebird\js\release\promise.js:567:18)
    at Promise._settlePromise0 (C:\Users\Administrator\Desktop\Serverside\node_modules\sequelize\node_modules\bluebird\js\release\promise.js:612:10)
    at Promise._settlePromises (C:\Users\Administrator\Desktop\Serverside\node_modules\sequelize\node_modules\bluebird\js\release\promise.js:687:18)
    at Async._drainQueue (C:\Users\Administrator\Desktop\Serverside\node_modules\sequelize\node_modules\bluebird\js\release\async.js:138:16)
    at Async._drainQueues (C:\Users\Administrator\Desktop\Serverside\node_modules\sequelize\node_modules\bluebird\js\release\async.js:148:10)
    at Immediate.Async.drainQueues (C:\Users\Administrator\Desktop\Serverside\node_modules\sequelize\node_modules\bluebird\js\release\async.js:17:14)
    at tryOnImmediate (timers.js:610:5)
    at processImmediate [as _immediateCallback] (timers.js:582:5)
[31merror[39m: We got error in add candidate s stack=SequelizeValidationError: notNull Violation: first_name cannot be null
    at C:\Users\Administrator\Desktop\Serverside\node_modules\sequelize\lib\instance-validator.js:74:14
    at tryCatcher (C:\Users\Administrator\Desktop\Serverside\node_modules\sequelize\node_modules\bluebird\js\release\util.js:16:23)
    at Promise._settlePromiseFromHandler (C:\Users\Administrator\Desktop\Serverside\node_modules\sequelize\node_modules\bluebird\js\release\promise.js:510:31)
    at Promise._settlePromise (C:\Users\Administrator\Desktop\Serverside\node_modules\sequelize\node_modules\bluebird\js\release\promise.js:567:18)
    at Promise._settlePromise0 (C:\Users\Administrator\Desktop\Serverside\node_modules\sequelize\node_modules\bluebird\js\release\promise.js:612:10)
    at Promise._settlePromises (C:\Users\Administrator\Desktop\Serverside\node_modules\sequelize\node_modules\bluebird\js\release\promise.js:691:18)
    at Promise._fulfill (C:\Users\Administrator\Desktop\Serverside\node_modules\sequelize\node_modules\bluebird\js\release\promise.js:636:18)
    at PromiseArray._resolve (C:\Users\Administrator\Desktop\Serverside\node_modules\sequelize\node_modules\bluebird\js\release\promise_array.js:125:19)
    at PromiseArray._promiseFulfilled (C:\Users\Administrator\Desktop\Serverside\node_modules\sequelize\node_modules\bluebird\js\release\promise_array.js:143:14)
    at Promise._settlePromise (C:\Users\Administrator\Desktop\Serverside\node_modules\sequelize\node_modules\bluebird\js\release\promise.js:572:26)
    at Promise._settlePromise0 (C:\Users\Administrator\Desktop\Serverside\node_modules\sequelize\node_modules\bluebird\js\release\promise.js:612:10)
    at Promise._settlePromises (C:\Users\Administrator\Desktop\Serverside\node_modules\sequelize\node_modules\bluebird\js\release\promise.js:691:18)
    at Async._drainQueue (C:\Users\Administrator\Desktop\Serverside\node_modules\sequelize\node_modules\bluebird\js\release\async.js:138:16)
    at Async._drainQueues (C:\Users\Administrator\Desktop\Serverside\node_modules\sequelize\node_modules\bluebird\js\release\async.js:148:10)
    at Immediate.Async.drainQueues (C:\Users\Administrator\Desktop\Serverside\node_modules\sequelize\node_modules\bluebird\js\release\async.js:17:14)
    at tryOnImmediate (timers.js:610:5), localStack=at .<anonymous> (C:\Users\Administrator\Desktop\Serverside\routes\candidates.js:41:32)->at tryCatcher (C:\Users\Administrator\Desktop\Serverside\node_modules\sequelize\node_modules\bluebird\js\release\util.js:16:23)->at Promise._settlePromiseFromHandler (C:\Users\Administrator\Desktop\Serverside\node_modules\sequelize\node_modules\bluebird\js\release\promise.js:510:31)->at Promise._settlePromise (C:\Users\Administrator\Desktop\Serverside\node_modules\sequelize\node_modules\bluebird\js\release\promise.js:567:18)->at Promise._settlePromise0 (C:\Users\Administrator\Desktop\Serverside\node_modules\sequelize\node_modules\bluebird\js\release\promise.js:612:10)->at Promise._settlePromises (C:\Users\Administrator\Desktop\Serverside\node_modules\sequelize\node_modules\bluebird\js\release\promise.js:687:18)->at Async._drainQueue (C:\Users\Administrator\Desktop\Serverside\node_modules\sequelize\node_modules\bluebird\js\release\async.js:138:16)->at Async._drainQueues (C:\Users\Administrator\Desktop\Serverside\node_modules\sequelize\node_modules\bluebird\js\release\async.js:148:10)->at Immediate.Async.drainQueues (C:\Users\Administrator\Desktop\Serverside\node_modules\sequelize\node_modules\bluebird\js\release\async.js:17:14)->at tryOnImmediate (timers.js:610:5)->at processImmediate [as _immediateCallback] (timers.js:582:5), data=notNull Violation: first_name cannot be null
Unhandled rejection ReferenceError: callback is not defined
    at .<anonymous> (C:\Users\Administrator\Desktop\Serverside\routes\candidates.js:43:25)
    at tryCatcher (C:\Users\Administrator\Desktop\Serverside\node_modules\sequelize\node_modules\bluebird\js\release\util.js:16:23)
    at Promise._settlePromiseFromHandler (C:\Users\Administrator\Desktop\Serverside\node_modules\sequelize\node_modules\bluebird\js\release\promise.js:510:31)
    at Promise._settlePromise (C:\Users\Administrator\Desktop\Serverside\node_modules\sequelize\node_modules\bluebird\js\release\promise.js:567:18)
    at Promise._settlePromise0 (C:\Users\Administrator\Desktop\Serverside\node_modules\sequelize\node_modules\bluebird\js\release\promise.js:612:10)
    at Promise._settlePromises (C:\Users\Administrator\Desktop\Serverside\node_modules\sequelize\node_modules\bluebird\js\release\promise.js:687:18)
    at Async._drainQueue (C:\Users\Administrator\Desktop\Serverside\node_modules\sequelize\node_modules\bluebird\js\release\async.js:138:16)
    at Async._drainQueues (C:\Users\Administrator\Desktop\Serverside\node_modules\sequelize\node_modules\bluebird\js\release\async.js:148:10)
    at Immediate.Async.drainQueues (C:\Users\Administrator\Desktop\Serverside\node_modules\sequelize\node_modules\bluebird\js\release\async.js:17:14)
    at tryOnImmediate (timers.js:610:5)
    at processImmediate [as _immediateCallback] (timers.js:582:5)
